SF:/home/jt286/.julia/dev/ExaFMMt/src/ExaFMMt.jl
LH:0
LF:0
end_of_record
SF:/home/jt286/.julia/dev/ExaFMMt/src/common.jl
DA:19,3
DA:24,3
DA:25,3
DA:40,3
DA:45,3
DA:46,3
DA:60,6
DA:64,6
DA:65,6
DA:69,36
DA:71,34
DA:76,34
DA:86,9
DA:89,9
DA:92,10
DA:93,8
DA:94,8
DA:95,7
DA:98,3
DA:99,3
DA:101,2
DA:102,2
DA:103,2
DA:104,2
DA:128,7
DA:147,7
DA:150,7
DA:151,7
DA:156,27
DA:167,4
DA:168,12
DA:170,7
DA:171,7
DA:172,5
DA:174,2
DA:178,7
DA:179,7
DA:180,7
DA:181,7
DA:182,7
DA:184,7
DA:187,8
DA:188,2
DA:189,11
DA:192,13
DA:197,11
DA:222,3
DA:243,2
DA:264,1
DA:285,1
DA:296,6
DA:297,72
DA:298,30
DA:299,12
DA:300,3
DA:301,9
DA:302,9
DA:312,34
DA:316,10
DA:318,9
DA:319,9
DA:321,9
DA:322,8
DA:323,1
DA:324,1
DA:329,9
DA:332,1
DA:335,1
DA:342,1
DA:345,1
DA:364,5
DA:365,5
DA:368,5
DA:372,3
DA:383,2
DA:405,2
DA:406,2
DA:409,2
DA:412,2
DA:416,1
DA:427,1
DA:448,7
DA:450,7
DA:451,5
DA:452,2
DA:453,2
DA:466,1
DA:476,1
DA:486,3
DA:496,2
DA:517,6
DA:538,2
DA:559,2
DA:580,1
DA:600,6
DA:614,2
DA:628,2
DA:642,1
LH:98
LF:98
end_of_record
SF:/home/jt286/.julia/dev/ExaFMMt/src/helmholtz.jl
DA:14,1
DA:15,1
DA:31,1
DA:32,1
DA:52,2
DA:55,2
DA:57,2
DA:58,2
DA:59,2
DA:60,2
DA:61,2
DA:63,2
DA:67,2
DA:76,1
DA:92,1
DA:117,3
DA:120,3
DA:121,3
DA:122,3
DA:123,3
DA:125,3
DA:126,6
DA:128,3
DA:132,2
DA:138,1
DA:153,1
DA:156,1
DA:157,1
DA:160,1
DA:173,1
DA:176,1
DA:177,1
DA:180,1
LH:33
LF:33
end_of_record
SF:/home/jt286/.julia/dev/ExaFMMt/src/laplace.jl
DA:13,2
DA:14,2
DA:27,1
DA:28,1
DA:46,5
DA:49,5
DA:51,3
DA:52,3
DA:53,3
DA:55,1
DA:57,2
DA:60,3
DA:62,3
DA:66,3
DA:70,2
DA:81,1
DA:106,8
DA:109,8
DA:110,8
DA:111,6
DA:112,6
DA:113,6
DA:114,12
DA:116,6
DA:120,5
DA:124,1
DA:137,1
DA:138,1
DA:139,1
DA:143,1
DA:156,1
DA:157,1
DA:158,1
DA:162,1
LH:34
LF:34
end_of_record
SF:/home/jt286/.julia/dev/ExaFMMt/src/modifiedhelmholtz.jl
DA:14,1
DA:15,1
DA:36,1
DA:37,1
DA:62,2
DA:65,2
DA:67,2
DA:68,2
DA:69,2
DA:70,2
DA:72,2
DA:76,2
DA:85,1
DA:101,1
DA:126,2
DA:129,2
DA:130,2
DA:131,2
DA:132,2
DA:133,2
DA:134,4
DA:136,2
DA:140,1
DA:146,1
DA:161,1
DA:164,1
DA:165,1
DA:172,1
DA:185,1
DA:188,1
DA:189,1
DA:196,1
LH:32
LF:32
end_of_record
